09:14:17.743 INFO  [restartedMain][PipiShrimpApplication.logStarting(StartupInfoLogger.java:55)] Starting PipiShrimpApplication using Java 11.0.14.1 on DESKTOP-PM8IQCK with PID 25940 (D:\java後端\Java_project\PipiShrimp\bin\main started by user in D:\java後端\Java_project\PipiShrimp)
09:14:17.746 INFO  [restartedMain][PipiShrimpApplication.logStartupProfileInfo(SpringApplication.java:632)] No active profile set, falling back to 1 default profile: "default"
09:14:17.808 INFO  [restartedMain][DevToolsPropertyDefaultsPostProcessor.logTo(DeferredLog.java:255)] Devtools property defaults active! Set 'spring.devtools.add-properties' to 'false' to disable
09:14:17.809 INFO  [restartedMain][DevToolsPropertyDefaultsPostProcessor.logTo(DeferredLog.java:255)] For additional web related logging consider setting the 'logging.level.web' property to 'DEBUG'
09:14:18.502 INFO  [restartedMain][RepositoryConfigurationDelegate.registerRepositoriesIn(RepositoryConfigurationDelegate.java:132)] Bootstrapping Spring Data JPA repositories in DEFAULT mode.
09:14:18.593 INFO  [restartedMain][RepositoryConfigurationDelegate.registerRepositoriesIn(RepositoryConfigurationDelegate.java:201)] Finished Spring Data repository scanning in 79 ms. Found 7 JPA repository interfaces.
09:14:19.488 INFO  [restartedMain][TomcatWebServer.initialize(TomcatWebServer.java:108)] Tomcat initialized with port(s): 8080 (http)
09:14:19.499 INFO  [restartedMain][Http11NioProtocol.log(DirectJDKLog.java:173)] Initializing ProtocolHandler ["http-nio-8080"]
09:14:19.501 INFO  [restartedMain][StandardService.log(DirectJDKLog.java:173)] Starting service [Tomcat]
09:14:19.501 INFO  [restartedMain][StandardEngine.log(DirectJDKLog.java:173)] Starting Servlet engine: [Apache Tomcat/9.0.82]
09:14:19.598 INFO  [restartedMain][[/].log(DirectJDKLog.java:173)] Initializing Spring embedded WebApplicationContext
09:14:19.598 INFO  [restartedMain][ServletWebServerApplicationContext.prepareWebApplicationContext(ServletWebServerApplicationContext.java:292)] Root WebApplicationContext: initialization completed in 1788 ms
09:14:19.705 INFO  [restartedMain][HikariDataSource.getConnection(HikariDataSource.java:110)] HikariPool-1 - Starting...
09:14:19.889 INFO  [restartedMain][HikariDataSource.getConnection(HikariDataSource.java:123)] HikariPool-1 - Start completed.
09:14:20.069 INFO  [restartedMain][LogHelper.logPersistenceUnitInformation(LogHelper.java:31)] HHH000204: Processing PersistenceUnitInfo [name: default]
09:14:20.122 INFO  [restartedMain][Version.logVersion(Version.java:44)] HHH000412: Hibernate ORM core version 5.6.15.Final
09:14:20.307 INFO  [restartedMain][Version.<clinit>(JavaReflectionManager.java:56)] HCANN000001: Hibernate Commons Annotations {5.1.2.Final}
09:14:20.448 INFO  [restartedMain][Dialect.<init>(Dialect.java:175)] HHH000400: Using dialect: org.hibernate.dialect.MySQL8Dialect
09:14:21.115 INFO  [restartedMain][JtaPlatformInitiator.initiateService(JtaPlatformInitiator.java:52)] HHH000490: Using JtaPlatform implementation: [org.hibernate.engine.transaction.jta.platform.internal.NoJtaPlatform]
09:14:21.143 INFO  [restartedMain][LocalContainerEntityManagerFactoryBean.buildNativeEntityManagerFactory(AbstractEntityManagerFactoryBean.java:437)] Initialized JPA EntityManagerFactory for persistence unit 'default'
09:14:21.770 WARN  [restartedMain][JpaBaseConfiguration$JpaWebConfiguration.openEntityManagerInViewInterceptor(JpaBaseConfiguration.java:223)] spring.jpa.open-in-view is enabled by default. Therefore, database queries may be performed during view rendering. Explicitly configure spring.jpa.open-in-view to disable this warning
09:14:22.093 INFO  [restartedMain][OptionalLiveReloadServer.startServer(OptionalLiveReloadServer.java:59)] LiveReload server is running on port 35729
09:14:22.104 INFO  [restartedMain][Http11NioProtocol.log(DirectJDKLog.java:173)] Starting ProtocolHandler ["http-nio-8080"]
09:14:22.126 INFO  [restartedMain][TomcatWebServer.start(TomcatWebServer.java:220)] Tomcat started on port(s): 8080 (http) with context path ''
09:14:22.136 INFO  [restartedMain][PipiShrimpApplication.logStarted(StartupInfoLogger.java:61)] Started PipiShrimpApplication in 4.801 seconds (JVM running for 5.499)
09:27:59.424 INFO  [http-nio-8080-exec-2][[/].log(DirectJDKLog.java:173)] Initializing Spring DispatcherServlet 'dispatcherServlet'
09:27:59.426 INFO  [http-nio-8080-exec-2][DispatcherServlet.initServletBean(FrameworkServlet.java:525)] Initializing Servlet 'dispatcherServlet'
09:27:59.428 INFO  [http-nio-8080-exec-2][DispatcherServlet.initServletBean(FrameworkServlet.java:547)] Completed initialization in 2 ms
09:28:42.309 WARN  [http-nio-8080-exec-4][DefaultHandlerExceptionResolver.logException(AbstractHandlerExceptionResolver.java:208)] Resolved [org.springframework.web.method.annotation.MethodArgumentTypeMismatchException: Failed to convert value of type 'java.lang.String' to required type 'int'; nested exception is java.lang.NumberFormatException: For input string: "null"]
09:29:00.933 WARN  [http-nio-8080-exec-7][SessionIdGeneratorBase.log(DirectJDKLog.java:173)] Creation of SecureRandom instance for session ID generation using [SHA1PRNG] took [114] milliseconds.
09:29:01.028 INFO  [http-nio-8080-exec-7][UserServiceImpl.login(UserServiceImpl.java:101)] login successful
09:43:17.359 INFO  [File Watcher][LocalDevToolsAutoConfiguration$RestartingClassPathChangeChangedEventListener.onApplicationEvent(LocalDevToolsAutoConfiguration.java:211)] Restarting due to 1 class path change (0 additions, 0 deletions, 1 modification)
09:43:17.482 INFO  [Thread-5][Http11NioProtocol.log(DirectJDKLog.java:173)] Pausing ProtocolHandler ["http-nio-8080"]
09:43:17.482 INFO  [Thread-5][StandardService.log(DirectJDKLog.java:173)] Stopping service [Tomcat]
09:43:17.484 INFO  [Thread-5][[/].log(DirectJDKLog.java:173)] Destroying Spring FrameworkServlet 'dispatcherServlet'
09:43:17.497 INFO  [Thread-5][Http11NioProtocol.log(DirectJDKLog.java:173)] Stopping ProtocolHandler ["http-nio-8080"]
09:43:17.501 INFO  [Thread-5][Http11NioProtocol.log(DirectJDKLog.java:173)] Destroying ProtocolHandler ["http-nio-8080"]
09:43:17.505 INFO  [Thread-5][LocalContainerEntityManagerFactoryBean.destroy(AbstractEntityManagerFactoryBean.java:651)] Closing JPA EntityManagerFactory for persistence unit 'default'
09:43:17.510 INFO  [Thread-5][HikariDataSource.close(HikariDataSource.java:350)] HikariPool-1 - Shutdown initiated...
09:43:17.526 INFO  [Thread-5][HikariDataSource.close(HikariDataSource.java:352)] HikariPool-1 - Shutdown completed.
09:43:17.652 INFO  [restartedMain][PipiShrimpApplication.logStarting(StartupInfoLogger.java:55)] Starting PipiShrimpApplication using Java 11.0.14.1 on DESKTOP-PM8IQCK with PID 25940 (D:\java後端\Java_project\PipiShrimp\bin\main started by user in D:\java後端\Java_project\PipiShrimp)
09:43:17.653 INFO  [restartedMain][PipiShrimpApplication.logStartupProfileInfo(SpringApplication.java:632)] No active profile set, falling back to 1 default profile: "default"
09:43:17.992 INFO  [restartedMain][RepositoryConfigurationDelegate.registerRepositoriesIn(RepositoryConfigurationDelegate.java:132)] Bootstrapping Spring Data JPA repositories in DEFAULT mode.
09:43:18.038 INFO  [restartedMain][RepositoryConfigurationDelegate.registerRepositoriesIn(RepositoryConfigurationDelegate.java:201)] Finished Spring Data repository scanning in 45 ms. Found 7 JPA repository interfaces.
09:43:18.155 INFO  [restartedMain][TomcatWebServer.initialize(TomcatWebServer.java:108)] Tomcat initialized with port(s): 8080 (http)
09:43:18.156 INFO  [restartedMain][Http11NioProtocol.log(DirectJDKLog.java:173)] Initializing ProtocolHandler ["http-nio-8080"]
09:43:18.157 INFO  [restartedMain][StandardService.log(DirectJDKLog.java:173)] Starting service [Tomcat]
09:43:18.157 INFO  [restartedMain][StandardEngine.log(DirectJDKLog.java:173)] Starting Servlet engine: [Apache Tomcat/9.0.82]
09:43:18.176 INFO  [restartedMain][[/].log(DirectJDKLog.java:173)] Initializing Spring embedded WebApplicationContext
09:43:18.176 INFO  [restartedMain][ServletWebServerApplicationContext.prepareWebApplicationContext(ServletWebServerApplicationContext.java:292)] Root WebApplicationContext: initialization completed in 519 ms
09:43:18.199 INFO  [restartedMain][HikariDataSource.getConnection(HikariDataSource.java:110)] HikariPool-2 - Starting...
09:43:18.203 INFO  [restartedMain][HikariDataSource.getConnection(HikariDataSource.java:123)] HikariPool-2 - Start completed.
09:43:18.243 INFO  [restartedMain][LogHelper.logPersistenceUnitInformation(LogHelper.java:31)] HHH000204: Processing PersistenceUnitInfo [name: default]
09:43:18.248 INFO  [restartedMain][Dialect.<init>(Dialect.java:175)] HHH000400: Using dialect: org.hibernate.dialect.MySQL8Dialect
09:43:18.354 INFO  [restartedMain][JtaPlatformInitiator.initiateService(JtaPlatformInitiator.java:52)] HHH000490: Using JtaPlatform implementation: [org.hibernate.engine.transaction.jta.platform.internal.NoJtaPlatform]
09:43:18.354 INFO  [restartedMain][LocalContainerEntityManagerFactoryBean.buildNativeEntityManagerFactory(AbstractEntityManagerFactoryBean.java:437)] Initialized JPA EntityManagerFactory for persistence unit 'default'
09:43:18.569 WARN  [restartedMain][JpaBaseConfiguration$JpaWebConfiguration.openEntityManagerInViewInterceptor(JpaBaseConfiguration.java:223)] spring.jpa.open-in-view is enabled by default. Therefore, database queries may be performed during view rendering. Explicitly configure spring.jpa.open-in-view to disable this warning
09:43:18.715 INFO  [restartedMain][OptionalLiveReloadServer.startServer(OptionalLiveReloadServer.java:59)] LiveReload server is running on port 35729
09:43:18.723 INFO  [restartedMain][Http11NioProtocol.log(DirectJDKLog.java:173)] Starting ProtocolHandler ["http-nio-8080"]
09:43:18.725 INFO  [restartedMain][TomcatWebServer.start(TomcatWebServer.java:220)] Tomcat started on port(s): 8080 (http) with context path ''
09:43:18.729 INFO  [restartedMain][PipiShrimpApplication.logStarted(StartupInfoLogger.java:61)] Started PipiShrimpApplication in 1.123 seconds (JVM running for 1742.093)
09:43:18.732 INFO  [restartedMain][ConditionEvaluationDeltaLoggingListener.onApplicationEvent(ConditionEvaluationDeltaLoggingListener.java:63)] Condition evaluation unchanged
09:43:24.510 INFO  [http-nio-8080-exec-1][[/].log(DirectJDKLog.java:173)] Initializing Spring DispatcherServlet 'dispatcherServlet'
09:43:24.511 INFO  [http-nio-8080-exec-1][DispatcherServlet.initServletBean(FrameworkServlet.java:525)] Initializing Servlet 'dispatcherServlet'
09:43:24.514 INFO  [http-nio-8080-exec-1][DispatcherServlet.initServletBean(FrameworkServlet.java:547)] Completed initialization in 3 ms
09:52:00.759 WARN  [http-nio-8080-exec-7][DefaultHandlerExceptionResolver.logException(AbstractHandlerExceptionResolver.java:208)] Resolved [org.springframework.web.method.annotation.MethodArgumentTypeMismatchException: Failed to convert value of type 'java.lang.String' to required type 'int'; nested exception is java.lang.NumberFormatException: For input string: "null"]
09:52:29.540 INFO  [http-nio-8080-exec-4][UserServiceImpl.login(UserServiceImpl.java:101)] login successful
10:10:19.329 WARN  [http-nio-8080-exec-8][DefaultHandlerExceptionResolver.logException(AbstractHandlerExceptionResolver.java:208)] Resolved [org.springframework.web.method.annotation.MethodArgumentTypeMismatchException: Failed to convert value of type 'java.lang.String' to required type 'int'; nested exception is java.lang.NumberFormatException: For input string: "null"]
10:15:03.253 INFO  [http-nio-8080-exec-3][UserServiceImpl.login(UserServiceImpl.java:101)] login successful
10:24:05.146 INFO  [http-nio-8080-exec-7][RecordServiceImpl.create(RecordServiceImpl.java:74)] Record created successfully. ID: 89
10:25:04.138 INFO  [http-nio-8080-exec-3][RecordServiceImpl.create(RecordServiceImpl.java:74)] Record created successfully. ID: 90
10:25:04.149 INFO  [http-nio-8080-exec-7][RecordServiceImpl.create(RecordServiceImpl.java:74)] Record created successfully. ID: 91
10:40:10.146 WARN  [http-nio-8080-exec-6][DefaultHandlerExceptionResolver.logException(AbstractHandlerExceptionResolver.java:208)] Resolved [org.springframework.web.method.annotation.MethodArgumentTypeMismatchException: Failed to convert value of type 'java.lang.String' to required type 'int'; nested exception is java.lang.NumberFormatException: For input string: "null"]
10:40:27.735 INFO  [http-nio-8080-exec-7][UserServiceImpl.login(UserServiceImpl.java:101)] login successful
10:44:40.060 WARN  [http-nio-8080-exec-7][DefaultHandlerExceptionResolver.logException(AbstractHandlerExceptionResolver.java:208)] Resolved [org.springframework.web.method.annotation.MethodArgumentTypeMismatchException: Failed to convert value of type 'java.lang.String' to required type 'int'; nested exception is java.lang.NumberFormatException: For input string: "null"]
10:44:52.526 INFO  [http-nio-8080-exec-9][UserServiceImpl.login(UserServiceImpl.java:101)] login successful
10:45:37.027 WARN  [http-nio-8080-exec-9][DefaultHandlerExceptionResolver.logException(AbstractHandlerExceptionResolver.java:208)] Resolved [org.springframework.web.method.annotation.MethodArgumentTypeMismatchException: Failed to convert value of type 'java.lang.String' to required type 'int'; nested exception is java.lang.NumberFormatException: For input string: "null"]
10:45:37.054 WARN  [http-nio-8080-exec-3][DefaultHandlerExceptionResolver.logException(AbstractHandlerExceptionResolver.java:208)] Resolved [org.springframework.web.method.annotation.MethodArgumentTypeMismatchException: Failed to convert value of type 'java.lang.String' to required type 'int'; nested exception is java.lang.NumberFormatException: For input string: "null"]
10:45:38.135 WARN  [http-nio-8080-exec-7][DefaultHandlerExceptionResolver.logException(AbstractHandlerExceptionResolver.java:208)] Resolved [org.springframework.web.method.annotation.MethodArgumentTypeMismatchException: Failed to convert value of type 'java.lang.String' to required type 'int'; nested exception is java.lang.NumberFormatException: For input string: "null"]
10:45:38.154 WARN  [http-nio-8080-exec-4][DefaultHandlerExceptionResolver.logException(AbstractHandlerExceptionResolver.java:208)] Resolved [org.springframework.web.method.annotation.MethodArgumentTypeMismatchException: Failed to convert value of type 'java.lang.String' to required type 'int'; nested exception is java.lang.NumberFormatException: For input string: "null"]
10:45:38.617 WARN  [http-nio-8080-exec-8][DefaultHandlerExceptionResolver.logException(AbstractHandlerExceptionResolver.java:208)] Resolved [org.springframework.web.method.annotation.MethodArgumentTypeMismatchException: Failed to convert value of type 'java.lang.String' to required type 'int'; nested exception is java.lang.NumberFormatException: For input string: "null"]
10:45:38.628 WARN  [http-nio-8080-exec-2][DefaultHandlerExceptionResolver.logException(AbstractHandlerExceptionResolver.java:208)] Resolved [org.springframework.web.method.annotation.MethodArgumentTypeMismatchException: Failed to convert value of type 'java.lang.String' to required type 'int'; nested exception is java.lang.NumberFormatException: For input string: "null"]
10:45:38.749 WARN  [http-nio-8080-exec-10][DefaultHandlerExceptionResolver.logException(AbstractHandlerExceptionResolver.java:208)] Resolved [org.springframework.web.method.annotation.MethodArgumentTypeMismatchException: Failed to convert value of type 'java.lang.String' to required type 'int'; nested exception is java.lang.NumberFormatException: For input string: "null"]
10:45:38.762 WARN  [http-nio-8080-exec-5][DefaultHandlerExceptionResolver.logException(AbstractHandlerExceptionResolver.java:208)] Resolved [org.springframework.web.method.annotation.MethodArgumentTypeMismatchException: Failed to convert value of type 'java.lang.String' to required type 'int'; nested exception is java.lang.NumberFormatException: For input string: "null"]
10:45:38.998 WARN  [http-nio-8080-exec-1][DefaultHandlerExceptionResolver.logException(AbstractHandlerExceptionResolver.java:208)] Resolved [org.springframework.web.method.annotation.MethodArgumentTypeMismatchException: Failed to convert value of type 'java.lang.String' to required type 'int'; nested exception is java.lang.NumberFormatException: For input string: "null"]
10:45:39.024 WARN  [http-nio-8080-exec-6][DefaultHandlerExceptionResolver.logException(AbstractHandlerExceptionResolver.java:208)] Resolved [org.springframework.web.method.annotation.MethodArgumentTypeMismatchException: Failed to convert value of type 'java.lang.String' to required type 'int'; nested exception is java.lang.NumberFormatException: For input string: "null"]
10:45:39.126 WARN  [http-nio-8080-exec-9][DefaultHandlerExceptionResolver.logException(AbstractHandlerExceptionResolver.java:208)] Resolved [org.springframework.web.method.annotation.MethodArgumentTypeMismatchException: Failed to convert value of type 'java.lang.String' to required type 'int'; nested exception is java.lang.NumberFormatException: For input string: "null"]
10:45:39.150 WARN  [http-nio-8080-exec-3][DefaultHandlerExceptionResolver.logException(AbstractHandlerExceptionResolver.java:208)] Resolved [org.springframework.web.method.annotation.MethodArgumentTypeMismatchException: Failed to convert value of type 'java.lang.String' to required type 'int'; nested exception is java.lang.NumberFormatException: For input string: "null"]
10:45:42.684 WARN  [http-nio-8080-exec-10][DefaultHandlerExceptionResolver.logException(AbstractHandlerExceptionResolver.java:208)] Resolved [org.springframework.web.method.annotation.MethodArgumentTypeMismatchException: Failed to convert value of type 'java.lang.String' to required type 'int'; nested exception is java.lang.NumberFormatException: For input string: "null"]
11:45:51.836 WARN  [http-nio-8080-exec-1][DefaultHandlerExceptionResolver.logException(AbstractHandlerExceptionResolver.java:208)] Resolved [org.springframework.web.method.annotation.MethodArgumentTypeMismatchException: Failed to convert value of type 'java.lang.String' to required type 'int'; nested exception is java.lang.NumberFormatException: For input string: "null"]
11:46:05.567 INFO  [http-nio-8080-exec-9][UserServiceImpl.login(UserServiceImpl.java:101)] login successful
11:52:14.549 WARN  [http-nio-8080-exec-1][DefaultHandlerExceptionResolver.logException(AbstractHandlerExceptionResolver.java:208)] Resolved [org.springframework.web.method.annotation.MethodArgumentTypeMismatchException: Failed to convert value of type 'java.lang.String' to required type 'int'; nested exception is java.lang.NumberFormatException: For input string: "null"]
11:58:49.250 INFO  [http-nio-8080-exec-10][UserServiceImpl.login(UserServiceImpl.java:101)] login successful
12:06:12.157 INFO  [http-nio-8080-exec-1][RecordServiceImpl.create(RecordServiceImpl.java:74)] Record created successfully. ID: 92
12:13:11.379 WARN  [http-nio-8080-exec-6][DefaultHandlerExceptionResolver.logException(AbstractHandlerExceptionResolver.java:208)] Resolved [org.springframework.web.method.annotation.MethodArgumentTypeMismatchException: Failed to convert value of type 'java.lang.String' to required type 'int'; nested exception is java.lang.NumberFormatException: For input string: "null"]
12:13:12.426 WARN  [http-nio-8080-exec-3][DefaultHandlerExceptionResolver.logException(AbstractHandlerExceptionResolver.java:208)] Resolved [org.springframework.web.method.annotation.MethodArgumentTypeMismatchException: Failed to convert value of type 'java.lang.String' to required type 'int'; nested exception is java.lang.NumberFormatException: For input string: "null"]
12:13:51.489 INFO  [http-nio-8080-exec-2][UserServiceImpl.login(UserServiceImpl.java:101)] login successful
12:19:22.170 WARN  [http-nio-8080-exec-2][DefaultHandlerExceptionResolver.logException(AbstractHandlerExceptionResolver.java:208)] Resolved [org.springframework.web.method.annotation.MethodArgumentTypeMismatchException: Failed to convert value of type 'java.lang.String' to required type 'int'; nested exception is java.lang.NumberFormatException: For input string: "null"]
12:19:58.200 INFO  [http-nio-8080-exec-8][UserServiceImpl.login(UserServiceImpl.java:101)] login successful
12:21:24.245 WARN  [http-nio-8080-exec-6][DefaultHandlerExceptionResolver.logException(AbstractHandlerExceptionResolver.java:208)] Resolved [org.springframework.web.method.annotation.MethodArgumentTypeMismatchException: Failed to convert value of type 'java.lang.String' to required type 'int'; nested exception is java.lang.NumberFormatException: For input string: "null"]
12:21:24.624 WARN  [http-nio-8080-exec-4][DefaultHandlerExceptionResolver.logException(AbstractHandlerExceptionResolver.java:208)] Resolved [org.springframework.web.method.annotation.MethodArgumentTypeMismatchException: Failed to convert value of type 'java.lang.String' to required type 'int'; nested exception is java.lang.NumberFormatException: For input string: "null"]
12:21:52.165 INFO  [http-nio-8080-exec-2][UserServiceImpl.login(UserServiceImpl.java:101)] login successful
12:30:21.955 WARN  [http-nio-8080-exec-5][DefaultHandlerExceptionResolver.logException(AbstractHandlerExceptionResolver.java:208)] Resolved [org.springframework.web.method.annotation.MethodArgumentTypeMismatchException: Failed to convert value of type 'java.lang.String' to required type 'int'; nested exception is java.lang.NumberFormatException: For input string: "null"]
12:30:22.104 WARN  [http-nio-8080-exec-9][DefaultHandlerExceptionResolver.logException(AbstractHandlerExceptionResolver.java:208)] Resolved [org.springframework.web.method.annotation.MethodArgumentTypeMismatchException: Failed to convert value of type 'java.lang.String' to required type 'int'; nested exception is java.lang.NumberFormatException: For input string: "null"]
12:51:32.118 INFO  [restartedMain][PipiShrimpApplication.logStarting(StartupInfoLogger.java:55)] Starting PipiShrimpApplication using Java 11.0.14.1 on DESKTOP-PM8IQCK with PID 28400 (D:\java後端\Java_project\PipiShrimp\bin\main started by user in D:\java後端\Java_project\PipiShrimp)
12:51:32.121 INFO  [restartedMain][PipiShrimpApplication.logStartupProfileInfo(SpringApplication.java:632)] No active profile set, falling back to 1 default profile: "default"
12:51:32.181 INFO  [restartedMain][DevToolsPropertyDefaultsPostProcessor.logTo(DeferredLog.java:255)] Devtools property defaults active! Set 'spring.devtools.add-properties' to 'false' to disable
12:51:32.181 INFO  [restartedMain][DevToolsPropertyDefaultsPostProcessor.logTo(DeferredLog.java:255)] For additional web related logging consider setting the 'logging.level.web' property to 'DEBUG'
12:51:32.817 INFO  [restartedMain][RepositoryConfigurationDelegate.registerRepositoriesIn(RepositoryConfigurationDelegate.java:132)] Bootstrapping Spring Data JPA repositories in DEFAULT mode.
12:51:32.908 INFO  [restartedMain][RepositoryConfigurationDelegate.registerRepositoriesIn(RepositoryConfigurationDelegate.java:201)] Finished Spring Data repository scanning in 81 ms. Found 7 JPA repository interfaces.
12:51:33.721 INFO  [restartedMain][TomcatWebServer.initialize(TomcatWebServer.java:108)] Tomcat initialized with port(s): 8080 (http)
12:51:33.730 INFO  [restartedMain][Http11NioProtocol.log(DirectJDKLog.java:173)] Initializing ProtocolHandler ["http-nio-8080"]
12:51:33.732 INFO  [restartedMain][StandardService.log(DirectJDKLog.java:173)] Starting service [Tomcat]
12:51:33.732 INFO  [restartedMain][StandardEngine.log(DirectJDKLog.java:173)] Starting Servlet engine: [Apache Tomcat/9.0.82]
12:51:33.821 INFO  [restartedMain][[/].log(DirectJDKLog.java:173)] Initializing Spring embedded WebApplicationContext
12:51:33.821 INFO  [restartedMain][ServletWebServerApplicationContext.prepareWebApplicationContext(ServletWebServerApplicationContext.java:292)] Root WebApplicationContext: initialization completed in 1639 ms
12:51:33.929 INFO  [restartedMain][HikariDataSource.getConnection(HikariDataSource.java:110)] HikariPool-1 - Starting...
12:51:34.106 INFO  [restartedMain][HikariDataSource.getConnection(HikariDataSource.java:123)] HikariPool-1 - Start completed.
12:51:34.266 INFO  [restartedMain][LogHelper.logPersistenceUnitInformation(LogHelper.java:31)] HHH000204: Processing PersistenceUnitInfo [name: default]
12:51:34.314 INFO  [restartedMain][Version.logVersion(Version.java:44)] HHH000412: Hibernate ORM core version 5.6.15.Final
12:51:34.489 INFO  [restartedMain][Version.<clinit>(JavaReflectionManager.java:56)] HCANN000001: Hibernate Commons Annotations {5.1.2.Final}
12:51:34.618 INFO  [restartedMain][Dialect.<init>(Dialect.java:175)] HHH000400: Using dialect: org.hibernate.dialect.MySQL8Dialect
12:51:35.250 INFO  [restartedMain][JtaPlatformInitiator.initiateService(JtaPlatformInitiator.java:52)] HHH000490: Using JtaPlatform implementation: [org.hibernate.engine.transaction.jta.platform.internal.NoJtaPlatform]
12:51:35.261 INFO  [restartedMain][LocalContainerEntityManagerFactoryBean.buildNativeEntityManagerFactory(AbstractEntityManagerFactoryBean.java:437)] Initialized JPA EntityManagerFactory for persistence unit 'default'
12:51:35.807 WARN  [restartedMain][JpaBaseConfiguration$JpaWebConfiguration.openEntityManagerInViewInterceptor(JpaBaseConfiguration.java:223)] spring.jpa.open-in-view is enabled by default. Therefore, database queries may be performed during view rendering. Explicitly configure spring.jpa.open-in-view to disable this warning
12:51:36.093 INFO  [restartedMain][OptionalLiveReloadServer.startServer(OptionalLiveReloadServer.java:59)] LiveReload server is running on port 35729
12:51:36.103 INFO  [restartedMain][Http11NioProtocol.log(DirectJDKLog.java:173)] Starting ProtocolHandler ["http-nio-8080"]
12:51:36.123 INFO  [restartedMain][TomcatWebServer.start(TomcatWebServer.java:220)] Tomcat started on port(s): 8080 (http) with context path ''
12:51:36.131 INFO  [restartedMain][PipiShrimpApplication.logStarted(StartupInfoLogger.java:61)] Started PipiShrimpApplication in 4.392 seconds (JVM running for 5.074)
13:05:08.224 INFO  [http-nio-8080-exec-1][[/].log(DirectJDKLog.java:173)] Initializing Spring DispatcherServlet 'dispatcherServlet'
13:05:08.226 INFO  [http-nio-8080-exec-1][DispatcherServlet.initServletBean(FrameworkServlet.java:525)] Initializing Servlet 'dispatcherServlet'
13:05:08.227 INFO  [http-nio-8080-exec-1][DispatcherServlet.initServletBean(FrameworkServlet.java:547)] Completed initialization in 1 ms
13:05:08.498 WARN  [http-nio-8080-exec-2][SessionIdGeneratorBase.log(DirectJDKLog.java:173)] Creation of SecureRandom instance for session ID generation using [SHA1PRNG] took [137] milliseconds.
13:05:08.725 INFO  [http-nio-8080-exec-2][UserServiceImpl.login(UserServiceImpl.java:101)] login successful
13:09:16.270 WARN  [http-nio-8080-exec-3][DefaultHandlerExceptionResolver.logException(AbstractHandlerExceptionResolver.java:208)] Resolved [org.springframework.web.method.annotation.MethodArgumentTypeMismatchException: Failed to convert value of type 'java.lang.String' to required type 'int'; nested exception is java.lang.NumberFormatException: For input string: "null"]
13:09:16.300 WARN  [http-nio-8080-exec-7][DefaultHandlerExceptionResolver.logException(AbstractHandlerExceptionResolver.java:208)] Resolved [org.springframework.web.method.annotation.MethodArgumentTypeMismatchException: Failed to convert value of type 'java.lang.String' to required type 'int'; nested exception is java.lang.NumberFormatException: For input string: "null"]
13:33:42.598 WARN  [http-nio-8080-exec-2][DefaultHandlerExceptionResolver.logException(AbstractHandlerExceptionResolver.java:208)] Resolved [org.springframework.web.method.annotation.MethodArgumentTypeMismatchException: Failed to convert value of type 'java.lang.String' to required type 'int'; nested exception is java.lang.NumberFormatException: For input string: "null"]
13:33:42.753 WARN  [http-nio-8080-exec-4][DefaultHandlerExceptionResolver.logException(AbstractHandlerExceptionResolver.java:208)] Resolved [org.springframework.web.method.annotation.MethodArgumentTypeMismatchException: Failed to convert value of type 'java.lang.String' to required type 'int'; nested exception is java.lang.NumberFormatException: For input string: "null"]
13:33:52.192 INFO  [http-nio-8080-exec-9][UserServiceImpl.login(UserServiceImpl.java:101)] login successful
13:42:54.754 WARN  [http-nio-8080-exec-10][DefaultHandlerExceptionResolver.logException(AbstractHandlerExceptionResolver.java:208)] Resolved [org.springframework.web.method.annotation.MethodArgumentTypeMismatchException: Failed to convert value of type 'java.lang.String' to required type 'int'; nested exception is java.lang.NumberFormatException: For input string: "null"]
13:42:57.309 WARN  [http-nio-8080-exec-1][DefaultHandlerExceptionResolver.logException(AbstractHandlerExceptionResolver.java:208)] Resolved [org.springframework.web.method.annotation.MethodArgumentTypeMismatchException: Failed to convert value of type 'java.lang.String' to required type 'int'; nested exception is java.lang.NumberFormatException: For input string: "null"]
13:43:12.131 INFO  [http-nio-8080-exec-4][UserServiceImpl.login(UserServiceImpl.java:101)] login successful
14:44:38.293 WARN  [http-nio-8080-exec-9][DefaultHandlerExceptionResolver.logException(AbstractHandlerExceptionResolver.java:208)] Resolved [org.springframework.web.method.annotation.MethodArgumentTypeMismatchException: Failed to convert value of type 'java.lang.String' to required type 'int'; nested exception is java.lang.NumberFormatException: For input string: "null"]
14:48:55.691 INFO  [File Watcher][LocalDevToolsAutoConfiguration$RestartingClassPathChangeChangedEventListener.onApplicationEvent(LocalDevToolsAutoConfiguration.java:211)] Restarting due to 5 class path changes (0 additions, 0 deletions, 5 modifications)
14:48:55.810 INFO  [Thread-5][Http11NioProtocol.log(DirectJDKLog.java:173)] Pausing ProtocolHandler ["http-nio-8080"]
14:48:55.811 INFO  [Thread-5][StandardService.log(DirectJDKLog.java:173)] Stopping service [Tomcat]
14:48:55.813 INFO  [Thread-5][[/].log(DirectJDKLog.java:173)] Destroying Spring FrameworkServlet 'dispatcherServlet'
14:48:55.818 INFO  [Thread-5][Http11NioProtocol.log(DirectJDKLog.java:173)] Stopping ProtocolHandler ["http-nio-8080"]
14:48:55.821 INFO  [Thread-5][Http11NioProtocol.log(DirectJDKLog.java:173)] Destroying ProtocolHandler ["http-nio-8080"]
14:48:55.824 INFO  [Thread-5][LocalContainerEntityManagerFactoryBean.destroy(AbstractEntityManagerFactoryBean.java:651)] Closing JPA EntityManagerFactory for persistence unit 'default'
14:48:55.828 INFO  [Thread-5][HikariDataSource.close(HikariDataSource.java:350)] HikariPool-1 - Shutdown initiated...
14:48:55.833 INFO  [Thread-5][HikariDataSource.close(HikariDataSource.java:352)] HikariPool-1 - Shutdown completed.
14:48:55.967 INFO  [restartedMain][PipiShrimpApplication.logStarting(StartupInfoLogger.java:55)] Starting PipiShrimpApplication using Java 11.0.14.1 on DESKTOP-PM8IQCK with PID 28400 (D:\java後端\Java_project\PipiShrimp\bin\main started by user in D:\java後端\Java_project\PipiShrimp)
14:48:55.967 INFO  [restartedMain][PipiShrimpApplication.logStartupProfileInfo(SpringApplication.java:632)] No active profile set, falling back to 1 default profile: "default"
14:48:56.189 INFO  [restartedMain][RepositoryConfigurationDelegate.registerRepositoriesIn(RepositoryConfigurationDelegate.java:132)] Bootstrapping Spring Data JPA repositories in DEFAULT mode.
14:48:56.223 INFO  [restartedMain][RepositoryConfigurationDelegate.registerRepositoriesIn(RepositoryConfigurationDelegate.java:201)] Finished Spring Data repository scanning in 33 ms. Found 7 JPA repository interfaces.
14:48:56.340 INFO  [restartedMain][TomcatWebServer.initialize(TomcatWebServer.java:108)] Tomcat initialized with port(s): 8080 (http)
14:48:56.341 INFO  [restartedMain][Http11NioProtocol.log(DirectJDKLog.java:173)] Initializing ProtocolHandler ["http-nio-8080"]
14:48:56.341 INFO  [restartedMain][StandardService.log(DirectJDKLog.java:173)] Starting service [Tomcat]
14:48:56.341 INFO  [restartedMain][StandardEngine.log(DirectJDKLog.java:173)] Starting Servlet engine: [Apache Tomcat/9.0.82]
14:48:56.363 INFO  [restartedMain][[/].log(DirectJDKLog.java:173)] Initializing Spring embedded WebApplicationContext
14:48:56.363 INFO  [restartedMain][ServletWebServerApplicationContext.prepareWebApplicationContext(ServletWebServerApplicationContext.java:292)] Root WebApplicationContext: initialization completed in 392 ms
14:48:56.393 INFO  [restartedMain][HikariDataSource.getConnection(HikariDataSource.java:110)] HikariPool-2 - Starting...
14:48:56.397 INFO  [restartedMain][HikariDataSource.getConnection(HikariDataSource.java:123)] HikariPool-2 - Start completed.
14:48:56.435 INFO  [restartedMain][LogHelper.logPersistenceUnitInformation(LogHelper.java:31)] HHH000204: Processing PersistenceUnitInfo [name: default]
14:48:56.443 INFO  [restartedMain][Dialect.<init>(Dialect.java:175)] HHH000400: Using dialect: org.hibernate.dialect.MySQL8Dialect
14:48:56.543 INFO  [restartedMain][JtaPlatformInitiator.initiateService(JtaPlatformInitiator.java:52)] HHH000490: Using JtaPlatform implementation: [org.hibernate.engine.transaction.jta.platform.internal.NoJtaPlatform]
14:48:56.543 INFO  [restartedMain][LocalContainerEntityManagerFactoryBean.buildNativeEntityManagerFactory(AbstractEntityManagerFactoryBean.java:437)] Initialized JPA EntityManagerFactory for persistence unit 'default'
14:48:56.758 WARN  [restartedMain][JpaBaseConfiguration$JpaWebConfiguration.openEntityManagerInViewInterceptor(JpaBaseConfiguration.java:223)] spring.jpa.open-in-view is enabled by default. Therefore, database queries may be performed during view rendering. Explicitly configure spring.jpa.open-in-view to disable this warning
14:48:56.855 INFO  [restartedMain][OptionalLiveReloadServer.startServer(OptionalLiveReloadServer.java:59)] LiveReload server is running on port 35729
14:48:56.860 INFO  [restartedMain][Http11NioProtocol.log(DirectJDKLog.java:173)] Starting ProtocolHandler ["http-nio-8080"]
14:48:56.862 INFO  [restartedMain][TomcatWebServer.start(TomcatWebServer.java:220)] Tomcat started on port(s): 8080 (http) with context path ''
14:48:56.866 INFO  [restartedMain][PipiShrimpApplication.logStarted(StartupInfoLogger.java:61)] Started PipiShrimpApplication in 0.947 seconds (JVM running for 7045.807)
14:48:56.868 INFO  [restartedMain][ConditionEvaluationDeltaLoggingListener.onApplicationEvent(ConditionEvaluationDeltaLoggingListener.java:63)] Condition evaluation unchanged
14:49:06.867 INFO  [http-nio-8080-exec-1][[/].log(DirectJDKLog.java:173)] Initializing Spring DispatcherServlet 'dispatcherServlet'
14:49:06.869 INFO  [http-nio-8080-exec-1][DispatcherServlet.initServletBean(FrameworkServlet.java:525)] Initializing Servlet 'dispatcherServlet'
14:49:06.870 INFO  [http-nio-8080-exec-1][DispatcherServlet.initServletBean(FrameworkServlet.java:547)] Completed initialization in 1 ms
14:49:06.945 INFO  [http-nio-8080-exec-2][UserServiceImpl.login(UserServiceImpl.java:101)] login successful
14:52:38.303 WARN  [http-nio-8080-exec-10][DefaultHandlerExceptionResolver.logException(AbstractHandlerExceptionResolver.java:208)] Resolved [org.springframework.web.method.annotation.MethodArgumentTypeMismatchException: Failed to convert value of type 'java.lang.String' to required type 'int'; nested exception is java.lang.NumberFormatException: For input string: "null"]
14:52:38.377 WARN  [http-nio-8080-exec-1][DefaultHandlerExceptionResolver.logException(AbstractHandlerExceptionResolver.java:208)] Resolved [org.springframework.web.method.annotation.MethodArgumentTypeMismatchException: Failed to convert value of type 'java.lang.String' to required type 'int'; nested exception is java.lang.NumberFormatException: For input string: "null"]
14:52:46.873 WARN  [http-nio-8080-exec-3][DefaultHandlerExceptionResolver.logException(AbstractHandlerExceptionResolver.java:208)] Resolved [org.springframework.web.method.annotation.MethodArgumentTypeMismatchException: Failed to convert value of type 'java.lang.String' to required type 'int'; nested exception is java.lang.NumberFormatException: For input string: "null"]
14:53:02.266 INFO  [http-nio-8080-exec-6][UserServiceImpl.login(UserServiceImpl.java:101)] login successful
14:57:45.580 WARN  [http-nio-8080-exec-10][DefaultHandlerExceptionResolver.logException(AbstractHandlerExceptionResolver.java:208)] Resolved [org.springframework.web.method.annotation.MethodArgumentTypeMismatchException: Failed to convert value of type 'java.lang.String' to required type 'int'; nested exception is java.lang.NumberFormatException: For input string: "null"]
14:58:06.277 WARN  [http-nio-8080-exec-3][DefaultHandlerExceptionResolver.logException(AbstractHandlerExceptionResolver.java:208)] Resolved [org.springframework.web.method.annotation.MethodArgumentTypeMismatchException: Failed to convert value of type 'java.lang.String' to required type 'int'; nested exception is java.lang.NumberFormatException: For input string: "null"]
14:58:06.554 WARN  [http-nio-8080-exec-4][DefaultHandlerExceptionResolver.logException(AbstractHandlerExceptionResolver.java:208)] Resolved [org.springframework.web.method.annotation.MethodArgumentTypeMismatchException: Failed to convert value of type 'java.lang.String' to required type 'int'; nested exception is java.lang.NumberFormatException: For input string: "null"]
14:58:36.133 INFO  [http-nio-8080-exec-5][UserServiceImpl.login(UserServiceImpl.java:101)] login successful
14:58:42.217 WARN  [http-nio-8080-exec-10][DefaultHandlerExceptionResolver.logException(AbstractHandlerExceptionResolver.java:208)] Resolved [org.springframework.web.method.annotation.MethodArgumentTypeMismatchException: Failed to convert value of type 'java.lang.String' to required type 'int'; nested exception is java.lang.NumberFormatException: For input string: "null"]
14:58:50.102 INFO  [http-nio-8080-exec-2][UserServiceImpl.login(UserServiceImpl.java:101)] login successful
15:57:01.755 WARN  [http-nio-8080-exec-2][DefaultHandlerExceptionResolver.logException(AbstractHandlerExceptionResolver.java:208)] Resolved [org.springframework.web.method.annotation.MethodArgumentTypeMismatchException: Failed to convert value of type 'java.lang.String' to required type 'int'; nested exception is java.lang.NumberFormatException: For input string: "null"]
15:57:02.006 WARN  [http-nio-8080-exec-6][DefaultHandlerExceptionResolver.logException(AbstractHandlerExceptionResolver.java:208)] Resolved [org.springframework.web.method.annotation.MethodArgumentTypeMismatchException: Failed to convert value of type 'java.lang.String' to required type 'int'; nested exception is java.lang.NumberFormatException: For input string: "null"]
15:57:25.130 INFO  [http-nio-8080-exec-3][UserServiceImpl.login(UserServiceImpl.java:101)] login successful
16:01:45.514 WARN  [http-nio-8080-exec-10][DefaultHandlerExceptionResolver.logException(AbstractHandlerExceptionResolver.java:208)] Resolved [org.springframework.web.method.annotation.MethodArgumentTypeMismatchException: Failed to convert value of type 'java.lang.String' to required type 'int'; nested exception is java.lang.NumberFormatException: For input string: "null"]
16:02:03.910 INFO  [http-nio-8080-exec-2][UserServiceImpl.login(UserServiceImpl.java:101)] login successful
16:03:37.287 WARN  [http-nio-8080-exec-5][DefaultHandlerExceptionResolver.logException(AbstractHandlerExceptionResolver.java:208)] Resolved [org.springframework.web.method.annotation.MethodArgumentTypeMismatchException: Failed to convert value of type 'java.lang.String' to required type 'int'; nested exception is java.lang.NumberFormatException: For input string: "null"]
16:03:37.534 WARN  [http-nio-8080-exec-8][DefaultHandlerExceptionResolver.logException(AbstractHandlerExceptionResolver.java:208)] Resolved [org.springframework.web.method.annotation.MethodArgumentTypeMismatchException: Failed to convert value of type 'java.lang.String' to required type 'int'; nested exception is java.lang.NumberFormatException: For input string: "null"]
16:03:51.910 INFO  [http-nio-8080-exec-10][UserServiceImpl.login(UserServiceImpl.java:101)] login successful
16:03:58.403 WARN  [http-nio-8080-exec-7][DefaultHandlerExceptionResolver.logException(AbstractHandlerExceptionResolver.java:208)] Resolved [org.springframework.web.method.annotation.MethodArgumentTypeMismatchException: Failed to convert value of type 'java.lang.String' to required type 'int'; nested exception is java.lang.NumberFormatException: For input string: "null"]
16:04:10.824 INFO  [http-nio-8080-exec-9][UserServiceImpl.login(UserServiceImpl.java:101)] login successful
16:17:24.825 WARN  [http-nio-8080-exec-8][DefaultHandlerExceptionResolver.logException(AbstractHandlerExceptionResolver.java:208)] Resolved [org.springframework.web.method.annotation.MethodArgumentTypeMismatchException: Failed to convert value of type 'java.lang.String' to required type 'int'; nested exception is java.lang.NumberFormatException: For input string: "null"]
16:17:25.043 WARN  [http-nio-8080-exec-1][DefaultHandlerExceptionResolver.logException(AbstractHandlerExceptionResolver.java:208)] Resolved [org.springframework.web.method.annotation.MethodArgumentTypeMismatchException: Failed to convert value of type 'java.lang.String' to required type 'int'; nested exception is java.lang.NumberFormatException: For input string: "null"]
16:17:38.301 INFO  [http-nio-8080-exec-4][UserServiceImpl.login(UserServiceImpl.java:101)] login successful
16:18:42.811 WARN  [http-nio-8080-exec-4][DefaultHandlerExceptionResolver.logException(AbstractHandlerExceptionResolver.java:208)] Resolved [org.springframework.web.method.annotation.MethodArgumentTypeMismatchException: Failed to convert value of type 'java.lang.String' to required type 'int'; nested exception is java.lang.NumberFormatException: For input string: "null"]
16:18:53.468 INFO  [http-nio-8080-exec-10][UserServiceImpl.login(UserServiceImpl.java:101)] login successful
16:19:22.825 INFO  [http-nio-8080-exec-2][RecordServiceImpl.create(RecordServiceImpl.java:74)] Record created successfully. ID: 93
16:40:33.090 INFO  [http-nio-8080-exec-3][RecordServiceImpl.create(RecordServiceImpl.java:74)] Record created successfully. ID: 94
16:43:14.244 INFO  [http-nio-8080-exec-2][RecordServiceImpl.create(RecordServiceImpl.java:74)] Record created successfully. ID: 95
16:44:46.643 INFO  [http-nio-8080-exec-9][RecordServiceImpl.create(RecordServiceImpl.java:74)] Record created successfully. ID: 96
16:56:47.571 WARN  [http-nio-8080-exec-9][DefaultHandlerExceptionResolver.logException(AbstractHandlerExceptionResolver.java:208)] Resolved [org.springframework.web.method.annotation.MethodArgumentTypeMismatchException: Failed to convert value of type 'java.lang.String' to required type 'int'; nested exception is java.lang.NumberFormatException: For input string: "null"]
16:56:55.265 INFO  [http-nio-8080-exec-10][UserServiceImpl.login(UserServiceImpl.java:101)] login successful
17:08:50.340 INFO  [http-nio-8080-exec-10][RecordServiceImpl.create(RecordServiceImpl.java:74)] Record created successfully. ID: 97
17:10:19.747 INFO  [http-nio-8080-exec-7][RecordServiceImpl.create(RecordServiceImpl.java:74)] Record created successfully. ID: 98
17:13:16.650 INFO  [File Watcher][LocalDevToolsAutoConfiguration$RestartingClassPathChangeChangedEventListener.onApplicationEvent(LocalDevToolsAutoConfiguration.java:211)] Restarting due to 1 class path change (0 additions, 0 deletions, 1 modification)
17:13:16.781 INFO  [Thread-11][Http11NioProtocol.log(DirectJDKLog.java:173)] Pausing ProtocolHandler ["http-nio-8080"]
17:13:16.781 INFO  [Thread-11][StandardService.log(DirectJDKLog.java:173)] Stopping service [Tomcat]
17:13:16.783 INFO  [Thread-11][[/].log(DirectJDKLog.java:173)] Destroying Spring FrameworkServlet 'dispatcherServlet'
17:13:16.793 INFO  [Thread-11][Http11NioProtocol.log(DirectJDKLog.java:173)] Stopping ProtocolHandler ["http-nio-8080"]
17:13:16.796 INFO  [Thread-11][Http11NioProtocol.log(DirectJDKLog.java:173)] Destroying ProtocolHandler ["http-nio-8080"]
17:13:16.798 INFO  [Thread-11][LocalContainerEntityManagerFactoryBean.destroy(AbstractEntityManagerFactoryBean.java:651)] Closing JPA EntityManagerFactory for persistence unit 'default'
17:13:16.799 INFO  [Thread-11][HikariDataSource.close(HikariDataSource.java:350)] HikariPool-2 - Shutdown initiated...
17:13:16.802 INFO  [Thread-11][HikariDataSource.close(HikariDataSource.java:352)] HikariPool-2 - Shutdown completed.
17:13:16.896 INFO  [restartedMain][PipiShrimpApplication.logStarting(StartupInfoLogger.java:55)] Starting PipiShrimpApplication using Java 11.0.14.1 on DESKTOP-PM8IQCK with PID 28400 (D:\java後端\Java_project\PipiShrimp\bin\main started by user in D:\java後端\Java_project\PipiShrimp)
17:13:16.897 INFO  [restartedMain][PipiShrimpApplication.logStartupProfileInfo(SpringApplication.java:632)] No active profile set, falling back to 1 default profile: "default"
17:13:17.081 INFO  [restartedMain][RepositoryConfigurationDelegate.registerRepositoriesIn(RepositoryConfigurationDelegate.java:132)] Bootstrapping Spring Data JPA repositories in DEFAULT mode.
17:13:17.128 INFO  [restartedMain][RepositoryConfigurationDelegate.registerRepositoriesIn(RepositoryConfigurationDelegate.java:201)] Finished Spring Data repository scanning in 46 ms. Found 7 JPA repository interfaces.
17:13:17.261 INFO  [restartedMain][TomcatWebServer.initialize(TomcatWebServer.java:108)] Tomcat initialized with port(s): 8080 (http)
17:13:17.262 INFO  [restartedMain][Http11NioProtocol.log(DirectJDKLog.java:173)] Initializing ProtocolHandler ["http-nio-8080"]
17:13:17.262 INFO  [restartedMain][StandardService.log(DirectJDKLog.java:173)] Starting service [Tomcat]
17:13:17.263 INFO  [restartedMain][StandardEngine.log(DirectJDKLog.java:173)] Starting Servlet engine: [Apache Tomcat/9.0.82]
17:13:17.288 INFO  [restartedMain][[/].log(DirectJDKLog.java:173)] Initializing Spring embedded WebApplicationContext
17:13:17.288 INFO  [restartedMain][ServletWebServerApplicationContext.prepareWebApplicationContext(ServletWebServerApplicationContext.java:292)] Root WebApplicationContext: initialization completed in 387 ms
17:13:17.327 INFO  [restartedMain][HikariDataSource.getConnection(HikariDataSource.java:110)] HikariPool-3 - Starting...
17:13:17.331 INFO  [restartedMain][HikariDataSource.getConnection(HikariDataSource.java:123)] HikariPool-3 - Start completed.
17:13:17.371 INFO  [restartedMain][LogHelper.logPersistenceUnitInformation(LogHelper.java:31)] HHH000204: Processing PersistenceUnitInfo [name: default]
17:13:17.377 INFO  [restartedMain][Dialect.<init>(Dialect.java:175)] HHH000400: Using dialect: org.hibernate.dialect.MySQL8Dialect
17:13:17.470 INFO  [restartedMain][JtaPlatformInitiator.initiateService(JtaPlatformInitiator.java:52)] HHH000490: Using JtaPlatform implementation: [org.hibernate.engine.transaction.jta.platform.internal.NoJtaPlatform]
17:13:17.471 INFO  [restartedMain][LocalContainerEntityManagerFactoryBean.buildNativeEntityManagerFactory(AbstractEntityManagerFactoryBean.java:437)] Initialized JPA EntityManagerFactory for persistence unit 'default'
17:13:17.712 WARN  [restartedMain][JpaBaseConfiguration$JpaWebConfiguration.openEntityManagerInViewInterceptor(JpaBaseConfiguration.java:223)] spring.jpa.open-in-view is enabled by default. Therefore, database queries may be performed during view rendering. Explicitly configure spring.jpa.open-in-view to disable this warning
17:13:17.795 INFO  [restartedMain][OptionalLiveReloadServer.startServer(OptionalLiveReloadServer.java:59)] LiveReload server is running on port 35729
17:13:17.803 INFO  [restartedMain][Http11NioProtocol.log(DirectJDKLog.java:173)] Starting ProtocolHandler ["http-nio-8080"]
17:13:17.806 INFO  [restartedMain][TomcatWebServer.start(TomcatWebServer.java:220)] Tomcat started on port(s): 8080 (http) with context path ''
17:13:17.809 INFO  [restartedMain][PipiShrimpApplication.logStarted(StartupInfoLogger.java:61)] Started PipiShrimpApplication in 0.944 seconds (JVM running for 15706.752)
17:13:17.810 INFO  [restartedMain][ConditionEvaluationDeltaLoggingListener.onApplicationEvent(ConditionEvaluationDeltaLoggingListener.java:63)] Condition evaluation unchanged
17:13:32.429 INFO  [File Watcher][LocalDevToolsAutoConfiguration$RestartingClassPathChangeChangedEventListener.onApplicationEvent(LocalDevToolsAutoConfiguration.java:211)] Restarting due to 1 class path change (0 additions, 0 deletions, 1 modification)
17:13:32.566 INFO  [Thread-26][Http11NioProtocol.log(DirectJDKLog.java:173)] Pausing ProtocolHandler ["http-nio-8080"]
17:13:32.567 INFO  [Thread-26][StandardService.log(DirectJDKLog.java:173)] Stopping service [Tomcat]
17:13:32.571 INFO  [Thread-26][Http11NioProtocol.log(DirectJDKLog.java:173)] Stopping ProtocolHandler ["http-nio-8080"]
17:13:32.574 INFO  [Thread-26][Http11NioProtocol.log(DirectJDKLog.java:173)] Destroying ProtocolHandler ["http-nio-8080"]
17:13:32.575 INFO  [Thread-26][LocalContainerEntityManagerFactoryBean.destroy(AbstractEntityManagerFactoryBean.java:651)] Closing JPA EntityManagerFactory for persistence unit 'default'
17:13:32.575 INFO  [Thread-26][HikariDataSource.close(HikariDataSource.java:350)] HikariPool-3 - Shutdown initiated...
17:13:32.579 INFO  [Thread-26][HikariDataSource.close(HikariDataSource.java:352)] HikariPool-3 - Shutdown completed.
17:13:32.672 INFO  [restartedMain][PipiShrimpApplication.logStarting(StartupInfoLogger.java:55)] Starting PipiShrimpApplication using Java 11.0.14.1 on DESKTOP-PM8IQCK with PID 28400 (D:\java後端\Java_project\PipiShrimp\bin\main started by user in D:\java後端\Java_project\PipiShrimp)
17:13:32.673 INFO  [restartedMain][PipiShrimpApplication.logStartupProfileInfo(SpringApplication.java:632)] No active profile set, falling back to 1 default profile: "default"
17:13:32.825 INFO  [restartedMain][RepositoryConfigurationDelegate.registerRepositoriesIn(RepositoryConfigurationDelegate.java:132)] Bootstrapping Spring Data JPA repositories in DEFAULT mode.
17:13:32.851 INFO  [restartedMain][RepositoryConfigurationDelegate.registerRepositoriesIn(RepositoryConfigurationDelegate.java:201)] Finished Spring Data repository scanning in 25 ms. Found 7 JPA repository interfaces.
17:13:32.937 INFO  [restartedMain][TomcatWebServer.initialize(TomcatWebServer.java:108)] Tomcat initialized with port(s): 8080 (http)
17:13:32.938 INFO  [restartedMain][Http11NioProtocol.log(DirectJDKLog.java:173)] Initializing ProtocolHandler ["http-nio-8080"]
17:13:32.938 INFO  [restartedMain][StandardService.log(DirectJDKLog.java:173)] Starting service [Tomcat]
17:13:32.938 INFO  [restartedMain][StandardEngine.log(DirectJDKLog.java:173)] Starting Servlet engine: [Apache Tomcat/9.0.82]
17:13:32.955 INFO  [restartedMain][[/].log(DirectJDKLog.java:173)] Initializing Spring embedded WebApplicationContext
17:13:32.955 INFO  [restartedMain][ServletWebServerApplicationContext.prepareWebApplicationContext(ServletWebServerApplicationContext.java:292)] Root WebApplicationContext: initialization completed in 280 ms
17:13:32.969 INFO  [restartedMain][HikariDataSource.getConnection(HikariDataSource.java:110)] HikariPool-4 - Starting...
17:13:32.973 INFO  [restartedMain][HikariDataSource.getConnection(HikariDataSource.java:123)] HikariPool-4 - Start completed.
17:13:33.004 INFO  [restartedMain][LogHelper.logPersistenceUnitInformation(LogHelper.java:31)] HHH000204: Processing PersistenceUnitInfo [name: default]
17:13:33.008 INFO  [restartedMain][Dialect.<init>(Dialect.java:175)] HHH000400: Using dialect: org.hibernate.dialect.MySQL8Dialect
17:13:33.067 INFO  [restartedMain][JtaPlatformInitiator.initiateService(JtaPlatformInitiator.java:52)] HHH000490: Using JtaPlatform implementation: [org.hibernate.engine.transaction.jta.platform.internal.NoJtaPlatform]
17:13:33.068 INFO  [restartedMain][LocalContainerEntityManagerFactoryBean.buildNativeEntityManagerFactory(AbstractEntityManagerFactoryBean.java:437)] Initialized JPA EntityManagerFactory for persistence unit 'default'
17:13:33.268 WARN  [restartedMain][JpaBaseConfiguration$JpaWebConfiguration.openEntityManagerInViewInterceptor(JpaBaseConfiguration.java:223)] spring.jpa.open-in-view is enabled by default. Therefore, database queries may be performed during view rendering. Explicitly configure spring.jpa.open-in-view to disable this warning
17:13:33.352 INFO  [restartedMain][OptionalLiveReloadServer.startServer(OptionalLiveReloadServer.java:59)] LiveReload server is running on port 35729
17:13:33.356 INFO  [restartedMain][Http11NioProtocol.log(DirectJDKLog.java:173)] Starting ProtocolHandler ["http-nio-8080"]
17:13:33.358 INFO  [restartedMain][TomcatWebServer.start(TomcatWebServer.java:220)] Tomcat started on port(s): 8080 (http) with context path ''
17:13:33.361 INFO  [restartedMain][PipiShrimpApplication.logStarted(StartupInfoLogger.java:61)] Started PipiShrimpApplication in 0.716 seconds (JVM running for 15722.304)
17:13:33.363 INFO  [restartedMain][ConditionEvaluationDeltaLoggingListener.onApplicationEvent(ConditionEvaluationDeltaLoggingListener.java:63)] Condition evaluation unchanged
17:15:35.585 INFO  [http-nio-8080-exec-1][[/].log(DirectJDKLog.java:173)] Initializing Spring DispatcherServlet 'dispatcherServlet'
17:15:35.586 INFO  [http-nio-8080-exec-1][DispatcherServlet.initServletBean(FrameworkServlet.java:525)] Initializing Servlet 'dispatcherServlet'
17:15:35.588 INFO  [http-nio-8080-exec-1][DispatcherServlet.initServletBean(FrameworkServlet.java:547)] Completed initialization in 1 ms
17:15:42.971 WARN  [http-nio-8080-exec-2][DefaultHandlerExceptionResolver.logException(AbstractHandlerExceptionResolver.java:208)] Resolved [org.springframework.http.converter.HttpMessageNotReadableException: JSON parse error: Cannot deserialize value of type `java.time.LocalDate` from String "2024-01-02 17:15:42": Failed to deserialize java.time.LocalDate: (java.time.format.DateTimeParseException) Text '2024-01-02 17:15:42' could not be parsed, unparsed text found at index 10; nested exception is com.fasterxml.jackson.databind.exc.InvalidFormatException: Cannot deserialize value of type `java.time.LocalDate` from String "2024-01-02 17:15:42": Failed to deserialize java.time.LocalDate: (java.time.format.DateTimeParseException) Text '2024-01-02 17:15:42' could not be parsed, unparsed text found at index 10<EOL> at [Source: (org.springframework.util.StreamUtils$NonClosingInputStream); line: 1, column: 52] (through reference chain: com.example.PipiShrimp.entity.Comment["comment_time"])]
17:16:38.612 WARN  [http-nio-8080-exec-5][DefaultHandlerExceptionResolver.logException(AbstractHandlerExceptionResolver.java:208)] Resolved [org.springframework.http.converter.HttpMessageNotReadableException: JSON parse error: Cannot deserialize value of type `java.time.LocalDate` from String "2024-01-02 17:16:38": Failed to deserialize java.time.LocalDate: (java.time.format.DateTimeParseException) Text '2024-01-02 17:16:38' could not be parsed, unparsed text found at index 10; nested exception is com.fasterxml.jackson.databind.exc.InvalidFormatException: Cannot deserialize value of type `java.time.LocalDate` from String "2024-01-02 17:16:38": Failed to deserialize java.time.LocalDate: (java.time.format.DateTimeParseException) Text '2024-01-02 17:16:38' could not be parsed, unparsed text found at index 10<EOL> at [Source: (org.springframework.util.StreamUtils$NonClosingInputStream); line: 1, column: 52] (through reference chain: com.example.PipiShrimp.entity.Comment["comment_time"])]
17:18:01.265 INFO  [File Watcher][LocalDevToolsAutoConfiguration$RestartingClassPathChangeChangedEventListener.onApplicationEvent(LocalDevToolsAutoConfiguration.java:211)] Restarting due to 1 class path change (0 additions, 0 deletions, 1 modification)
17:18:01.380 INFO  [Thread-30][Http11NioProtocol.log(DirectJDKLog.java:173)] Pausing ProtocolHandler ["http-nio-8080"]
17:18:01.381 INFO  [Thread-30][StandardService.log(DirectJDKLog.java:173)] Stopping service [Tomcat]
17:18:01.382 INFO  [Thread-30][[/].log(DirectJDKLog.java:173)] Destroying Spring FrameworkServlet 'dispatcherServlet'
17:18:01.386 INFO  [Thread-30][Http11NioProtocol.log(DirectJDKLog.java:173)] Stopping ProtocolHandler ["http-nio-8080"]
17:18:01.389 INFO  [Thread-30][Http11NioProtocol.log(DirectJDKLog.java:173)] Destroying ProtocolHandler ["http-nio-8080"]
17:18:01.390 INFO  [Thread-30][LocalContainerEntityManagerFactoryBean.destroy(AbstractEntityManagerFactoryBean.java:651)] Closing JPA EntityManagerFactory for persistence unit 'default'
17:18:01.391 INFO  [Thread-30][HikariDataSource.close(HikariDataSource.java:350)] HikariPool-4 - Shutdown initiated...
17:18:01.396 INFO  [Thread-30][HikariDataSource.close(HikariDataSource.java:352)] HikariPool-4 - Shutdown completed.
17:18:01.484 INFO  [restartedMain][PipiShrimpApplication.logStarting(StartupInfoLogger.java:55)] Starting PipiShrimpApplication using Java 11.0.14.1 on DESKTOP-PM8IQCK with PID 28400 (D:\java後端\Java_project\PipiShrimp\bin\main started by user in D:\java後端\Java_project\PipiShrimp)
17:18:01.485 INFO  [restartedMain][PipiShrimpApplication.logStartupProfileInfo(SpringApplication.java:632)] No active profile set, falling back to 1 default profile: "default"
17:18:01.654 INFO  [restartedMain][RepositoryConfigurationDelegate.registerRepositoriesIn(RepositoryConfigurationDelegate.java:132)] Bootstrapping Spring Data JPA repositories in DEFAULT mode.
17:18:01.681 INFO  [restartedMain][RepositoryConfigurationDelegate.registerRepositoriesIn(RepositoryConfigurationDelegate.java:201)] Finished Spring Data repository scanning in 26 ms. Found 7 JPA repository interfaces.
17:18:01.759 INFO  [restartedMain][TomcatWebServer.initialize(TomcatWebServer.java:108)] Tomcat initialized with port(s): 8080 (http)
17:18:01.760 INFO  [restartedMain][Http11NioProtocol.log(DirectJDKLog.java:173)] Initializing ProtocolHandler ["http-nio-8080"]
17:18:01.760 INFO  [restartedMain][StandardService.log(DirectJDKLog.java:173)] Starting service [Tomcat]
17:18:01.760 INFO  [restartedMain][StandardEngine.log(DirectJDKLog.java:173)] Starting Servlet engine: [Apache Tomcat/9.0.82]
17:18:01.789 INFO  [restartedMain][[/].log(DirectJDKLog.java:173)] Initializing Spring embedded WebApplicationContext
17:18:01.790 INFO  [restartedMain][ServletWebServerApplicationContext.prepareWebApplicationContext(ServletWebServerApplicationContext.java:292)] Root WebApplicationContext: initialization completed in 303 ms
17:18:01.804 INFO  [restartedMain][HikariDataSource.getConnection(HikariDataSource.java:110)] HikariPool-5 - Starting...
17:18:01.807 INFO  [restartedMain][HikariDataSource.getConnection(HikariDataSource.java:123)] HikariPool-5 - Start completed.
17:18:01.827 INFO  [restartedMain][LogHelper.logPersistenceUnitInformation(LogHelper.java:31)] HHH000204: Processing PersistenceUnitInfo [name: default]
17:18:01.833 INFO  [restartedMain][Dialect.<init>(Dialect.java:175)] HHH000400: Using dialect: org.hibernate.dialect.MySQL8Dialect
17:18:01.889 INFO  [restartedMain][JtaPlatformInitiator.initiateService(JtaPlatformInitiator.java:52)] HHH000490: Using JtaPlatform implementation: [org.hibernate.engine.transaction.jta.platform.internal.NoJtaPlatform]
17:18:01.889 INFO  [restartedMain][LocalContainerEntityManagerFactoryBean.buildNativeEntityManagerFactory(AbstractEntityManagerFactoryBean.java:437)] Initialized JPA EntityManagerFactory for persistence unit 'default'
17:18:02.053 WARN  [restartedMain][JpaBaseConfiguration$JpaWebConfiguration.openEntityManagerInViewInterceptor(JpaBaseConfiguration.java:223)] spring.jpa.open-in-view is enabled by default. Therefore, database queries may be performed during view rendering. Explicitly configure spring.jpa.open-in-view to disable this warning
17:18:02.130 INFO  [restartedMain][OptionalLiveReloadServer.startServer(OptionalLiveReloadServer.java:59)] LiveReload server is running on port 35729
17:18:02.134 INFO  [restartedMain][Http11NioProtocol.log(DirectJDKLog.java:173)] Starting ProtocolHandler ["http-nio-8080"]
17:18:02.136 INFO  [restartedMain][TomcatWebServer.start(TomcatWebServer.java:220)] Tomcat started on port(s): 8080 (http) with context path ''
17:18:02.139 INFO  [restartedMain][PipiShrimpApplication.logStarted(StartupInfoLogger.java:61)] Started PipiShrimpApplication in 0.679 seconds (JVM running for 15991.081)
17:18:02.140 INFO  [restartedMain][ConditionEvaluationDeltaLoggingListener.onApplicationEvent(ConditionEvaluationDeltaLoggingListener.java:63)] Condition evaluation unchanged
17:18:29.957 INFO  [File Watcher][LocalDevToolsAutoConfiguration$RestartingClassPathChangeChangedEventListener.onApplicationEvent(LocalDevToolsAutoConfiguration.java:211)] Restarting due to 1 class path change (0 additions, 0 deletions, 1 modification)
17:18:30.068 INFO  [Thread-34][Http11NioProtocol.log(DirectJDKLog.java:173)] Pausing ProtocolHandler ["http-nio-8080"]
17:18:30.068 INFO  [Thread-34][StandardService.log(DirectJDKLog.java:173)] Stopping service [Tomcat]
17:18:30.073 INFO  [Thread-34][Http11NioProtocol.log(DirectJDKLog.java:173)] Stopping ProtocolHandler ["http-nio-8080"]
17:18:30.075 INFO  [Thread-34][Http11NioProtocol.log(DirectJDKLog.java:173)] Destroying ProtocolHandler ["http-nio-8080"]
17:18:30.076 INFO  [Thread-34][LocalContainerEntityManagerFactoryBean.destroy(AbstractEntityManagerFactoryBean.java:651)] Closing JPA EntityManagerFactory for persistence unit 'default'
17:18:30.077 INFO  [Thread-34][HikariDataSource.close(HikariDataSource.java:350)] HikariPool-5 - Shutdown initiated...
17:18:30.082 INFO  [Thread-34][HikariDataSource.close(HikariDataSource.java:352)] HikariPool-5 - Shutdown completed.
17:18:30.164 INFO  [restartedMain][PipiShrimpApplication.logStarting(StartupInfoLogger.java:55)] Starting PipiShrimpApplication using Java 11.0.14.1 on DESKTOP-PM8IQCK with PID 28400 (D:\java後端\Java_project\PipiShrimp\bin\main started by user in D:\java後端\Java_project\PipiShrimp)
17:18:30.164 INFO  [restartedMain][PipiShrimpApplication.logStartupProfileInfo(SpringApplication.java:632)] No active profile set, falling back to 1 default profile: "default"
17:18:30.302 INFO  [restartedMain][RepositoryConfigurationDelegate.registerRepositoriesIn(RepositoryConfigurationDelegate.java:132)] Bootstrapping Spring Data JPA repositories in DEFAULT mode.
17:18:30.325 INFO  [restartedMain][RepositoryConfigurationDelegate.registerRepositoriesIn(RepositoryConfigurationDelegate.java:201)] Finished Spring Data repository scanning in 22 ms. Found 7 JPA repository interfaces.
17:18:30.409 INFO  [restartedMain][TomcatWebServer.initialize(TomcatWebServer.java:108)] Tomcat initialized with port(s): 8080 (http)
17:18:30.410 INFO  [restartedMain][Http11NioProtocol.log(DirectJDKLog.java:173)] Initializing ProtocolHandler ["http-nio-8080"]
17:18:30.410 INFO  [restartedMain][StandardService.log(DirectJDKLog.java:173)] Starting service [Tomcat]
17:18:30.411 INFO  [restartedMain][StandardEngine.log(DirectJDKLog.java:173)] Starting Servlet engine: [Apache Tomcat/9.0.82]
17:18:30.430 INFO  [restartedMain][[/].log(DirectJDKLog.java:173)] Initializing Spring embedded WebApplicationContext
17:18:30.430 INFO  [restartedMain][ServletWebServerApplicationContext.prepareWebApplicationContext(ServletWebServerApplicationContext.java:292)] Root WebApplicationContext: initialization completed in 264 ms
17:18:30.444 INFO  [restartedMain][HikariDataSource.getConnection(HikariDataSource.java:110)] HikariPool-6 - Starting...
17:18:30.448 INFO  [restartedMain][HikariDataSource.getConnection(HikariDataSource.java:123)] HikariPool-6 - Start completed.
17:18:30.479 INFO  [restartedMain][LogHelper.logPersistenceUnitInformation(LogHelper.java:31)] HHH000204: Processing PersistenceUnitInfo [name: default]
17:18:30.483 INFO  [restartedMain][Dialect.<init>(Dialect.java:175)] HHH000400: Using dialect: org.hibernate.dialect.MySQL8Dialect
17:18:30.537 INFO  [restartedMain][JtaPlatformInitiator.initiateService(JtaPlatformInitiator.java:52)] HHH000490: Using JtaPlatform implementation: [org.hibernate.engine.transaction.jta.platform.internal.NoJtaPlatform]
17:18:30.537 INFO  [restartedMain][LocalContainerEntityManagerFactoryBean.buildNativeEntityManagerFactory(AbstractEntityManagerFactoryBean.java:437)] Initialized JPA EntityManagerFactory for persistence unit 'default'
17:18:30.685 WARN  [restartedMain][JpaBaseConfiguration$JpaWebConfiguration.openEntityManagerInViewInterceptor(JpaBaseConfiguration.java:223)] spring.jpa.open-in-view is enabled by default. Therefore, database queries may be performed during view rendering. Explicitly configure spring.jpa.open-in-view to disable this warning
17:18:30.743 INFO  [restartedMain][OptionalLiveReloadServer.startServer(OptionalLiveReloadServer.java:59)] LiveReload server is running on port 35729
17:18:30.746 INFO  [restartedMain][Http11NioProtocol.log(DirectJDKLog.java:173)] Starting ProtocolHandler ["http-nio-8080"]
17:18:30.749 INFO  [restartedMain][TomcatWebServer.start(TomcatWebServer.java:220)] Tomcat started on port(s): 8080 (http) with context path ''
17:18:30.752 INFO  [restartedMain][PipiShrimpApplication.logStarted(StartupInfoLogger.java:61)] Started PipiShrimpApplication in 0.612 seconds (JVM running for 16019.694)
17:18:30.753 INFO  [restartedMain][ConditionEvaluationDeltaLoggingListener.onApplicationEvent(ConditionEvaluationDeltaLoggingListener.java:63)] Condition evaluation unchanged
17:18:39.531 INFO  [http-nio-8080-exec-1][[/].log(DirectJDKLog.java:173)] Initializing Spring DispatcherServlet 'dispatcherServlet'
17:18:39.533 INFO  [http-nio-8080-exec-1][DispatcherServlet.initServletBean(FrameworkServlet.java:525)] Initializing Servlet 'dispatcherServlet'
17:18:39.534 INFO  [http-nio-8080-exec-1][DispatcherServlet.initServletBean(FrameworkServlet.java:547)] Completed initialization in 1 ms
17:38:59.866 INFO  [restartedMain][PipiShrimpApplication.logStarting(StartupInfoLogger.java:55)] Starting PipiShrimpApplication using Java 11.0.14.1 on DESKTOP-PM8IQCK with PID 55356 (D:\java後端\Java_project\PipiShrimp\bin\main started by user in D:\java後端\Java_project\PipiShrimp)
17:38:59.869 INFO  [restartedMain][PipiShrimpApplication.logStartupProfileInfo(SpringApplication.java:632)] No active profile set, falling back to 1 default profile: "default"
17:38:59.928 INFO  [restartedMain][DevToolsPropertyDefaultsPostProcessor.logTo(DeferredLog.java:255)] Devtools property defaults active! Set 'spring.devtools.add-properties' to 'false' to disable
17:38:59.928 INFO  [restartedMain][DevToolsPropertyDefaultsPostProcessor.logTo(DeferredLog.java:255)] For additional web related logging consider setting the 'logging.level.web' property to 'DEBUG'
17:39:00.687 INFO  [restartedMain][RepositoryConfigurationDelegate.registerRepositoriesIn(RepositoryConfigurationDelegate.java:132)] Bootstrapping Spring Data JPA repositories in DEFAULT mode.
17:39:00.786 INFO  [restartedMain][RepositoryConfigurationDelegate.registerRepositoriesIn(RepositoryConfigurationDelegate.java:201)] Finished Spring Data repository scanning in 86 ms. Found 7 JPA repository interfaces.
17:39:01.699 INFO  [restartedMain][TomcatWebServer.initialize(TomcatWebServer.java:108)] Tomcat initialized with port(s): 8080 (http)
17:39:01.711 INFO  [restartedMain][Http11NioProtocol.log(DirectJDKLog.java:173)] Initializing ProtocolHandler ["http-nio-8080"]
17:39:01.713 INFO  [restartedMain][StandardService.log(DirectJDKLog.java:173)] Starting service [Tomcat]
17:39:01.713 INFO  [restartedMain][StandardEngine.log(DirectJDKLog.java:173)] Starting Servlet engine: [Apache Tomcat/9.0.82]
17:39:01.800 INFO  [restartedMain][[/].log(DirectJDKLog.java:173)] Initializing Spring embedded WebApplicationContext
17:39:01.801 INFO  [restartedMain][ServletWebServerApplicationContext.prepareWebApplicationContext(ServletWebServerApplicationContext.java:292)] Root WebApplicationContext: initialization completed in 1872 ms
17:39:01.926 INFO  [restartedMain][HikariDataSource.getConnection(HikariDataSource.java:110)] HikariPool-1 - Starting...
17:39:02.133 INFO  [restartedMain][HikariDataSource.getConnection(HikariDataSource.java:123)] HikariPool-1 - Start completed.
17:39:02.319 INFO  [restartedMain][LogHelper.logPersistenceUnitInformation(LogHelper.java:31)] HHH000204: Processing PersistenceUnitInfo [name: default]
17:39:02.373 INFO  [restartedMain][Version.logVersion(Version.java:44)] HHH000412: Hibernate ORM core version 5.6.15.Final
17:39:02.550 INFO  [restartedMain][Version.<clinit>(JavaReflectionManager.java:56)] HCANN000001: Hibernate Commons Annotations {5.1.2.Final}
17:39:02.712 INFO  [restartedMain][Dialect.<init>(Dialect.java:175)] HHH000400: Using dialect: org.hibernate.dialect.MySQL8Dialect
17:39:03.356 INFO  [restartedMain][JtaPlatformInitiator.initiateService(JtaPlatformInitiator.java:52)] HHH000490: Using JtaPlatform implementation: [org.hibernate.engine.transaction.jta.platform.internal.NoJtaPlatform]
17:39:03.367 INFO  [restartedMain][LocalContainerEntityManagerFactoryBean.buildNativeEntityManagerFactory(AbstractEntityManagerFactoryBean.java:437)] Initialized JPA EntityManagerFactory for persistence unit 'default'
17:39:03.950 WARN  [restartedMain][JpaBaseConfiguration$JpaWebConfiguration.openEntityManagerInViewInterceptor(JpaBaseConfiguration.java:223)] spring.jpa.open-in-view is enabled by default. Therefore, database queries may be performed during view rendering. Explicitly configure spring.jpa.open-in-view to disable this warning
17:39:04.266 INFO  [restartedMain][OptionalLiveReloadServer.startServer(OptionalLiveReloadServer.java:59)] LiveReload server is running on port 35729
17:39:04.276 INFO  [restartedMain][Http11NioProtocol.log(DirectJDKLog.java:173)] Starting ProtocolHandler ["http-nio-8080"]
17:39:04.296 INFO  [restartedMain][TomcatWebServer.start(TomcatWebServer.java:220)] Tomcat started on port(s): 8080 (http) with context path ''
17:39:04.305 INFO  [restartedMain][PipiShrimpApplication.logStarted(StartupInfoLogger.java:61)] Started PipiShrimpApplication in 4.833 seconds (JVM running for 5.52)
17:39:05.951 INFO  [http-nio-8080-exec-1][[/].log(DirectJDKLog.java:173)] Initializing Spring DispatcherServlet 'dispatcherServlet'
17:39:05.952 INFO  [http-nio-8080-exec-1][DispatcherServlet.initServletBean(FrameworkServlet.java:525)] Initializing Servlet 'dispatcherServlet'
17:39:05.955 INFO  [http-nio-8080-exec-1][DispatcherServlet.initServletBean(FrameworkServlet.java:547)] Completed initialization in 2 ms
17:39:06.213 WARN  [http-nio-8080-exec-2][SessionIdGeneratorBase.log(DirectJDKLog.java:173)] Creation of SecureRandom instance for session ID generation using [SHA1PRNG] took [137] milliseconds.
17:39:06.427 INFO  [http-nio-8080-exec-2][UserServiceImpl.login(UserServiceImpl.java:101)] login successful
17:40:50.547 INFO  [http-nio-8080-exec-6][RecordServiceImpl.create(RecordServiceImpl.java:74)] Record created successfully. ID: 99
20:34:01.783 WARN  [HikariPool-1 housekeeper][HikariPool.run(HikariPool.java:788)] HikariPool-1 - Thread starvation or clock leap detected (housekeeper delta=2h52m29s508ms210µs400ns).
20:57:00.024 WARN  [http-nio-8080-exec-9][DefaultHandlerExceptionResolver.logException(AbstractHandlerExceptionResolver.java:208)] Resolved [org.springframework.http.converter.HttpMessageNotReadableException: JSON parse error: Cannot deserialize value of type `byte[]` from String "http://localhost:5173/26e8e79a-faa0-4e03-aae7-e11c8755712a": Failed to decode VALUE_STRING as base64 (MIME-NO-LINEFEEDS): Illegal character ':' (code 0x3a) in base64 content; nested exception is com.fasterxml.jackson.databind.exc.InvalidFormatException: Cannot deserialize value of type `byte[]` from String "http://localhost:5173/26e8e79a-faa0-4e03-aae7-e11c8755712a": Failed to decode VALUE_STRING as base64 (MIME-NO-LINEFEEDS): Illegal character ':' (code 0x3a) in base64 content<EOL> at [Source: (org.springframework.util.StreamUtils$NonClosingInputStream); line: 1, column: 163] (through reference chain: com.example.PipiShrimp.entity.User["userPhoto"])]
20:58:09.596 WARN  [http-nio-8080-exec-8][DefaultHandlerExceptionResolver.logException(AbstractHandlerExceptionResolver.java:208)] Resolved [org.springframework.web.method.annotation.MethodArgumentTypeMismatchException: Failed to convert value of type 'java.lang.String' to required type 'int'; nested exception is java.lang.NumberFormatException: For input string: "null"]
21:32:07.180 WARN  [http-nio-8080-exec-1][DefaultHandlerExceptionResolver.logException(AbstractHandlerExceptionResolver.java:208)] Resolved [org.springframework.web.method.annotation.MethodArgumentTypeMismatchException: Failed to convert value of type 'java.lang.String' to required type 'int'; nested exception is java.lang.NumberFormatException: For input string: "null"]
21:32:07.426 WARN  [http-nio-8080-exec-6][DefaultHandlerExceptionResolver.logException(AbstractHandlerExceptionResolver.java:208)] Resolved [org.springframework.web.method.annotation.MethodArgumentTypeMismatchException: Failed to convert value of type 'java.lang.String' to required type 'int'; nested exception is java.lang.NumberFormatException: For input string: "null"]
21:32:39.529 WARN  [http-nio-8080-exec-5][DefaultHandlerExceptionResolver.logException(AbstractHandlerExceptionResolver.java:208)] Resolved [org.springframework.web.method.annotation.MethodArgumentTypeMismatchException: Failed to convert value of type 'java.lang.String' to required type 'int'; nested exception is java.lang.NumberFormatException: For input string: "null"]
21:32:41.587 WARN  [http-nio-8080-exec-3][DefaultHandlerExceptionResolver.logException(AbstractHandlerExceptionResolver.java:208)] Resolved [org.springframework.web.method.annotation.MethodArgumentTypeMismatchException: Failed to convert value of type 'java.lang.String' to required type 'int'; nested exception is java.lang.NumberFormatException: For input string: "null"]
21:32:41.667 WARN  [http-nio-8080-exec-4][DefaultHandlerExceptionResolver.logException(AbstractHandlerExceptionResolver.java:208)] Resolved [org.springframework.web.method.annotation.MethodArgumentTypeMismatchException: Failed to convert value of type 'java.lang.String' to required type 'int'; nested exception is java.lang.NumberFormatException: For input string: "null"]
21:32:43.141 WARN  [http-nio-8080-exec-1][DefaultHandlerExceptionResolver.logException(AbstractHandlerExceptionResolver.java:208)] Resolved [org.springframework.web.method.annotation.MethodArgumentTypeMismatchException: Failed to convert value of type 'java.lang.String' to required type 'int'; nested exception is java.lang.NumberFormatException: For input string: "null"]
21:32:43.211 WARN  [http-nio-8080-exec-6][DefaultHandlerExceptionResolver.logException(AbstractHandlerExceptionResolver.java:208)] Resolved [org.springframework.web.method.annotation.MethodArgumentTypeMismatchException: Failed to convert value of type 'java.lang.String' to required type 'int'; nested exception is java.lang.NumberFormatException: For input string: "null"]
21:33:17.179 INFO  [http-nio-8080-exec-2][UserServiceImpl.login(UserServiceImpl.java:101)] login successful
21:34:26.575 WARN  [http-nio-8080-exec-3][DefaultHandlerExceptionResolver.logException(AbstractHandlerExceptionResolver.java:208)] Resolved [org.springframework.web.method.annotation.MethodArgumentTypeMismatchException: Failed to convert value of type 'java.lang.String' to required type 'int'; nested exception is java.lang.NumberFormatException: For input string: "null"]
21:34:37.731 INFO  [http-nio-8080-exec-6][UserServiceImpl.login(UserServiceImpl.java:101)] login successful
21:36:59.484 WARN  [http-nio-8080-exec-6][DefaultHandlerExceptionResolver.logException(AbstractHandlerExceptionResolver.java:208)] Resolved [org.springframework.web.method.annotation.MethodArgumentTypeMismatchException: Failed to convert value of type 'java.lang.String' to required type 'int'; nested exception is java.lang.NumberFormatException: For input string: "null"]
21:37:11.863 INFO  [http-nio-8080-exec-7][UserServiceImpl.login(UserServiceImpl.java:101)] login successful
21:49:08.987 INFO  [http-nio-8080-exec-7][RecordServiceImpl.create(RecordServiceImpl.java:74)] Record created successfully. ID: 100
21:52:27.069 INFO  [http-nio-8080-exec-3][RecordServiceImpl.create(RecordServiceImpl.java:74)] Record created successfully. ID: 101
21:59:34.758 WARN  [http-nio-8080-exec-5][DefaultHandlerExceptionResolver.logException(AbstractHandlerExceptionResolver.java:208)] Resolved [org.springframework.web.method.annotation.MethodArgumentTypeMismatchException: Failed to convert value of type 'java.lang.String' to required type 'int'; nested exception is java.lang.NumberFormatException: For input string: "null"]
22:02:02.082 WARN  [http-nio-8080-exec-3][DefaultHandlerExceptionResolver.logException(AbstractHandlerExceptionResolver.java:208)] Resolved [org.springframework.web.method.annotation.MethodArgumentTypeMismatchException: Failed to convert value of type 'java.lang.String' to required type 'int'; nested exception is java.lang.NumberFormatException: For input string: "null"]
22:03:08.177 WARN  [http-nio-8080-exec-5][DefaultHandlerExceptionResolver.logException(AbstractHandlerExceptionResolver.java:208)] Resolved [org.springframework.web.method.annotation.MethodArgumentTypeMismatchException: Failed to convert value of type 'java.lang.String' to required type 'int'; nested exception is java.lang.NumberFormatException: For input string: "null"]
22:07:37.211 WARN  [http-nio-8080-exec-1][DefaultHandlerExceptionResolver.logException(AbstractHandlerExceptionResolver.java:208)] Resolved [org.springframework.web.method.annotation.MethodArgumentTypeMismatchException: Failed to convert value of type 'java.lang.String' to required type 'int'; nested exception is java.lang.NumberFormatException: For input string: "null"]
22:07:44.348 WARN  [http-nio-8080-exec-10][DefaultHandlerExceptionResolver.logException(AbstractHandlerExceptionResolver.java:208)] Resolved [org.springframework.web.method.annotation.MethodArgumentTypeMismatchException: Failed to convert value of type 'java.lang.String' to required type 'int'; nested exception is java.lang.NumberFormatException: For input string: "null"]
22:08:48.131 WARN  [http-nio-8080-exec-7][DefaultHandlerExceptionResolver.logException(AbstractHandlerExceptionResolver.java:208)] Resolved [org.springframework.web.method.annotation.MethodArgumentTypeMismatchException: Failed to convert value of type 'java.lang.String' to required type 'int'; nested exception is java.lang.NumberFormatException: For input string: "null"]
22:08:48.329 WARN  [http-nio-8080-exec-2][DefaultHandlerExceptionResolver.logException(AbstractHandlerExceptionResolver.java:208)] Resolved [org.springframework.web.method.annotation.MethodArgumentTypeMismatchException: Failed to convert value of type 'java.lang.String' to required type 'int'; nested exception is java.lang.NumberFormatException: For input string: "null"]
22:08:49.846 WARN  [http-nio-8080-exec-10][DefaultHandlerExceptionResolver.logException(AbstractHandlerExceptionResolver.java:208)] Resolved [org.springframework.web.method.annotation.MethodArgumentTypeMismatchException: Failed to convert value of type 'java.lang.String' to required type 'int'; nested exception is java.lang.NumberFormatException: For input string: "null"]
22:08:50.044 WARN  [http-nio-8080-exec-6][DefaultHandlerExceptionResolver.logException(AbstractHandlerExceptionResolver.java:208)] Resolved [org.springframework.web.method.annotation.MethodArgumentTypeMismatchException: Failed to convert value of type 'java.lang.String' to required type 'int'; nested exception is java.lang.NumberFormatException: For input string: "null"]
22:08:55.756 WARN  [http-nio-8080-exec-5][DefaultHandlerExceptionResolver.logException(AbstractHandlerExceptionResolver.java:208)] Resolved [org.springframework.web.method.annotation.MethodArgumentTypeMismatchException: Failed to convert value of type 'java.lang.String' to required type 'int'; nested exception is java.lang.NumberFormatException: For input string: "null"]
22:09:27.733 INFO  [http-nio-8080-exec-4][UserServiceImpl.login(UserServiceImpl.java:101)] login successful
22:11:45.252 WARN  [http-nio-8080-exec-5][DefaultHandlerExceptionResolver.logException(AbstractHandlerExceptionResolver.java:208)] Resolved [org.springframework.web.method.annotation.MethodArgumentTypeMismatchException: Failed to convert value of type 'java.lang.String' to required type 'int'; nested exception is java.lang.NumberFormatException: For input string: "null"]
22:11:45.334 WARN  [http-nio-8080-exec-1][DefaultHandlerExceptionResolver.logException(AbstractHandlerExceptionResolver.java:208)] Resolved [org.springframework.web.method.annotation.MethodArgumentTypeMismatchException: Failed to convert value of type 'java.lang.String' to required type 'int'; nested exception is java.lang.NumberFormatException: For input string: "null"]
22:11:52.193 INFO  [http-nio-8080-exec-3][UserServiceImpl.login(UserServiceImpl.java:101)] login successful
22:14:53.835 WARN  [http-nio-8080-exec-4][DefaultHandlerExceptionResolver.logException(AbstractHandlerExceptionResolver.java:208)] Resolved [org.springframework.web.method.annotation.MethodArgumentTypeMismatchException: Failed to convert value of type 'java.lang.String' to required type 'int'; nested exception is java.lang.NumberFormatException: For input string: "null"]
22:14:55.701 WARN  [http-nio-8080-exec-9][DefaultHandlerExceptionResolver.logException(AbstractHandlerExceptionResolver.java:208)] Resolved [org.springframework.web.method.annotation.MethodArgumentTypeMismatchException: Failed to convert value of type 'java.lang.String' to required type 'int'; nested exception is java.lang.NumberFormatException: For input string: "null"]
22:14:57.599 WARN  [http-nio-8080-exec-5][DefaultHandlerExceptionResolver.logException(AbstractHandlerExceptionResolver.java:208)] Resolved [org.springframework.web.method.annotation.MethodArgumentTypeMismatchException: Failed to convert value of type 'java.lang.String' to required type 'int'; nested exception is java.lang.NumberFormatException: For input string: "null"]
22:14:59.410 WARN  [http-nio-8080-exec-7][DefaultHandlerExceptionResolver.logException(AbstractHandlerExceptionResolver.java:208)] Resolved [org.springframework.web.method.annotation.MethodArgumentTypeMismatchException: Failed to convert value of type 'java.lang.String' to required type 'int'; nested exception is java.lang.NumberFormatException: For input string: "null"]
